13:14:34: Creating resource group General
13:14:34: Creating resource group Internal
13:14:34: Creating resource group Autodetect
13:14:34: SceneManagerFactory for type 'DefaultSceneManager' registered.
13:14:34: Registering ResourceManager for type Material
13:14:34: Registering ResourceManager for type Mesh
13:14:34: Registering ResourceManager for type Skeleton
13:14:34: MovableObjectFactory for type 'ParticleSystem' registered.
13:14:34: OverlayElementFactory for type Panel registered.
13:14:34: OverlayElementFactory for type BorderPanel registered.
13:14:34: OverlayElementFactory for type TextArea registered.
13:14:34: Registering ResourceManager for type Font
13:14:34: ArchiveFactory for archive type FileSystem registered.
13:14:34: ArchiveFactory for archive type Zip registered.
13:14:34: DDS codec registering
13:14:34: FreeImage version: 3.14.1
13:14:34: This program uses FreeImage, a free, open source image library supporting all common bitmap formats. See http://freeimage.sourceforge.net for details
13:14:34: Supported formats: bmp,ico,jpg,jif,jpeg,jpe,jng,koa,iff,lbm,mng,pbm,pbm,pcd,pcx,pgm,pgm,png,ppm,ppm,ras,tga,targa,tif,tiff,wap,wbmp,wbm,psd,cut,xbm,xpm,gif,hdr,g3,sgi,exr,j2k,j2c,jp2,pfm,pct,pict,pic,bay,bmq,cr2,crw,cs1,dc2,dcr,dng,erf,fff,hdr,k25,kdc,mdc,mos,mrw,nef,orf,pef,pxn,raf,raw,rdc,sr2,srf,arw,3fr,cine,ia,kc2,mef,nrw,qtk,rw2,sti,drf,dsc,ptx,cap,iiq,rwz
13:14:34: Registering ResourceManager for type HighLevelGpuProgram
13:14:34: Registering ResourceManager for type Compositor
13:14:34: MovableObjectFactory for type 'Entity' registered.
13:14:34: MovableObjectFactory for type 'Light' registered.
13:14:34: MovableObjectFactory for type 'BillboardSet' registered.
13:14:34: MovableObjectFactory for type 'ManualObject' registered.
13:14:34: MovableObjectFactory for type 'BillboardChain' registered.
13:14:34: MovableObjectFactory for type 'RibbonTrail' registered.
13:14:34: Loading library /usr/lib/OGRE/RenderSystem_GL
13:14:34: Installing plugin: GL RenderSystem
13:14:34: OpenGL Rendering Subsystem created.
13:14:34: Plugin successfully installed
13:14:34: Loading library /usr/lib/OGRE/Plugin_OctreeSceneManager
13:14:34: Installing plugin: Octree & Terrain Scene Manager
13:14:34: Plugin successfully installed
13:14:34: Loading library /usr/lib/OGRE/Plugin_ParticleFX
13:14:34: Installing plugin: ParticleFX
13:14:34: Particle Emitter Type 'Point' registered
13:14:34: Particle Emitter Type 'Box' registered
13:14:34: Particle Emitter Type 'Ellipsoid' registered
13:14:34: Particle Emitter Type 'Cylinder' registered
13:14:34: Particle Emitter Type 'Ring' registered
13:14:34: Particle Emitter Type 'HollowEllipsoid' registered
13:14:34: Particle Affector Type 'LinearForce' registered
13:14:34: Particle Affector Type 'ColourFader' registered
13:14:34: Particle Affector Type 'ColourFader2' registered
13:14:34: Particle Affector Type 'ColourImage' registered
13:14:34: Particle Affector Type 'ColourInterpolator' registered
13:14:34: Particle Affector Type 'Scaler' registered
13:14:34: Particle Affector Type 'Rotator' registered
13:14:34: Particle Affector Type 'DirectionRandomiser' registered
13:14:34: Particle Affector Type 'DeflectorPlane' registered
13:14:34: Plugin successfully installed
13:14:34: Loading library /usr/lib/OGRE/Plugin_BSPSceneManager
13:14:34: Installing plugin: BSP Scene Manager
13:14:34: Plugin successfully installed
13:14:34: Loading library /usr/lib/OGRE/Plugin_CgProgramManager
13:14:34: Installing plugin: Cg Program Manager
13:14:34: Plugin successfully installed
13:14:34: *-*-* OGRE Initialising
13:14:34: *-*-* Version 1.7.2 (Cthugha)
13:14:34: Creating resource group Essential
13:14:34: Added resource location '/usr/share/OGRE/media/thumbnails' of type 'FileSystem' to resource group 'Essential'
13:14:34: Added resource location '/usr/share/OGRE/media/packs/SdkTrays.zip' of type 'Zip' to resource group 'Essential'
13:14:34: Added resource location '/usr/share/OGRE/media' of type 'FileSystem' to resource group 'General'
13:14:34: Creating resource group Popular
13:14:34: Added resource location '/usr/share/OGRE/media/materials/programs' of type 'FileSystem' to resource group 'Popular'
13:14:34: Added resource location '/usr/share/OGRE/media/materials/scripts' of type 'FileSystem' to resource group 'Popular'
13:14:34: Added resource location '/usr/share/OGRE/media/materials/textures' of type 'FileSystem' to resource group 'Popular'
13:14:34: Added resource location '/usr/share/OGRE/media/materials/textures/nvidia' of type 'FileSystem' to resource group 'Popular'
13:14:34: Added resource location '/usr/share/OGRE/media/models' of type 'FileSystem' to resource group 'Popular'
13:14:34: CPU Identifier & Features
13:14:34: -------------------------
13:14:34:  *   CPU ID: GenuineIntel: Intel(R) Core(TM) i7 CPU       M 620  @ 2.67GHz
13:14:34:  *      SSE: yes
13:14:34:  *     SSE2: yes
13:14:34:  *     SSE3: yes
13:14:34:  *      MMX: yes
13:14:34:  *   MMXEXT: yes
13:14:34:  *    3DNOW: no
13:14:34:  * 3DNOWEXT: no
13:14:34:  *     CMOV: yes
13:14:34:  *      TSC: yes
13:14:34:  *      FPU: yes
13:14:34:  *      PRO: yes
13:14:34:  *       HT: no
13:14:34: -------------------------
13:14:34: ******************************
*** Starting GLX Subsystem ***
******************************
13:14:34: GLRenderSystem::_createRenderWindow "OGRE Render Window", 640x480 windowed  miscParams: FSAA=0 displayFrequency=60 MHz gamma=No vsync=Yes 
13:14:34: GLXWindow::create used FBConfigID = 104
13:14:34: GL_VERSION = 2.1 Mesa 7.9-devel
13:14:34: GL_VENDOR = Tungsten Graphics, Inc
13:14:34: GL_RENDERER = Mesa DRI Intel(R) Ironlake Mobile GEM 20100330 DEVELOPMENT 
13:14:34: GL_EXTENSIONS = GL_ARB_copy_buffer GL_ARB_depth_clamp GL_ARB_depth_texture GL_ARB_draw_buffers GL_ARB_draw_elements_base_vertex GL_ARB_fragment_coord_conventions GL_ARB_fragment_program GL_ARB_fragment_program_shadow GL_ARB_fragment_shader GL_ARB_framebuffer_object GL_ARB_half_float_pixel GL_ARB_half_float_vertex GL_ARB_map_buffer_range GL_ARB_multisample GL_ARB_multitexture GL_ARB_occlusion_query GL_ARB_pixel_buffer_object GL_ARB_point_parameters GL_ARB_point_sprite GL_ARB_provoking_vertex GL_ARB_seamless_cube_map GL_ARB_shader_objects GL_ARB_shading_language_100 GL_ARB_shadow GL_ARB_sync GL_ARB_texture_border_clamp GL_ARB_texture_compression GL_ARB_texture_cube_map GL_ARB_texture_env_add GL_ARB_texture_env_combine GL_ARB_texture_env_crossbar GL_ARB_texture_env_dot3 GL_ARB_texture_mirrored_repeat GL_ARB_texture_non_power_of_two GL_ARB_texture_rectangle GL_ARB_texture_swizzle GL_ARB_transpose_matrix GL_ARB_vertex_array_bgra GL_ARB_vertex_array_object GL_ARB_vertex_buffer_object GL_ARB_vertex_program GL_ARB_vertex_shader GL_ARB_window_pos GL_EXT_abgr GL_EXT_bgra GL_EXT_blend_color GL_EXT_blend_equation_separate GL_EXT_blend_func_separate GL_EXT_blend_logic_op GL_EXT_blend_minmax GL_EXT_blend_subtract GL_EXT_cull_vertex GL_EXT_compiled_vertex_array GL_EXT_copy_texture GL_EXT_draw_buffers2 GL_EXT_draw_range_elements GL_EXT_framebuffer_blit GL_EXT_framebuffer_multisample GL_EXT_framebuffer_object GL_EXT_fog_coord GL_EXT_gpu_program_parameters GL_EXT_multi_draw_arrays GL_EXT_packed_depth_stencil GL_EXT_packed_pixels GL_EXT_pixel_buffer_object GL_EXT_point_parameters GL_EXT_polygon_offset GL_EXT_provoking_vertex GL_EXT_rescale_normal GL_EXT_secondary_color GL_EXT_separate_specular_color GL_EXT_shadow_funcs GL_EXT_stencil_two_side GL_EXT_stencil_wrap GL_EXT_subtexture GL_EXT_texture GL_EXT_texture3D GL_EXT_texture_compression_s3tc GL_EXT_texture_cube_map GL_EXT_texture_edge_clamp GL_EXT_texture_env_add GL_EXT_texture_env_combine GL_EXT_texture_env_dot3 GL_EXT_texture_filter_anisotropic GL_EXT_texture_lod_bias GL_EXT_texture_object GL_EXT_texture_rectangle GL_EXT_texture_sRGB GL_EXT_texture_swizzle GL_EXT_timer_query GL_EXT_vertex_array GL_EXT_vertex_array_bgra GL_3DFX_texture_compression_FXT1 GL_APPLE_client_storage GL_APPLE_packed_pixels GL_APPLE_vertex_array_object GL_APPLE_object_purgeable GL_ATI_blend_equation_separate GL_ATI_envmap_bumpmap GL_ATI_texture_env_combine3 GL_ATI_separate_stencil GL_IBM_multimode_draw_arrays GL_IBM_rasterpos_clip GL_IBM_texture_mirrored_repeat GL_INGR_blend_func_separate GL_MESA_pack_invert GL_MESA_texture_signed_rgba GL_MESA_ycbcr_texture GL_MESA_window_pos GL_NV_blend_square GL_NV_depth_clamp GL_NV_light_max_exponent GL_NV_packed_depth_stencil GL_NV_texgen_reflection GL_NV_texture_env_combine4 GL_NV_texture_rectangle GL_NV_vertex_program GL_NV_vertex_program1_1 GL_OES_read_format GL_SGIS_generate_mipmap GL_SGIS_texture_border_clamp GL_SGIS_texture_edge_clamp GL_SGIS_texture_lod GL_SUN_multi_draw_arrays GL_OES_EGL_image
13:14:34: Supported GLX extensions: GLX_ARB_get_proc_address GLX_ARB_multisample GLX_EXT_import_context GLX_EXT_visual_info GLX_EXT_visual_rating GLX_MESA_copy_sub_buffer GLX_MESA_swap_control GLX_OML_swap_method GLX_OML_sync_control GLX_SGI_make_current_read GLX_SGI_swap_control GLX_SGI_video_sync GLX_SGIS_multisample GLX_SGIX_fbconfig GLX_SGIX_pbuffer GLX_SGIX_visual_select_group GLX_EXT_texture_from_pixmap GLX_INTEL_swap_event 
13:14:34: ***************************
13:14:34: *** GL Renderer Started ***
13:14:34: ***************************
13:14:34: Registering ResourceManager for type GpuProgram
13:14:34: GLSL support detected
13:14:34: GL: Using framebuffer copy for rendering to textures (worst)
13:14:34: GL: Warning: RenderTexture size is restricted to size of framebuffer. If you are on Linux, consider using GLX instead of SDL.
13:14:34: RenderSystem capabilities
13:14:34: -------------------------
13:14:34: RenderSystem Name: OpenGL Rendering Subsystem
13:14:34: GPU Vendor: unknown
13:14:34: Device Name: Mesa DRI Intel(R) Ironlake Mobile GEM 20100330 DEVELOPMENT 
13:14:34: Driver Version: 2.1.0.0
13:14:34:  * Fixed function pipeline: yes
13:14:34:  * Hardware generation of mipmaps: yes
13:14:34:  * Texture blending: yes
13:14:34:  * Anisotropic texture filtering: yes
13:14:34:  * Dot product texture operation: yes
13:14:34:  * Cube mapping: yes
13:14:34:  * Hardware stencil buffer: yes
13:14:34:    - Stencil depth: 8
13:14:34:    - Two sided stencil support: yes
13:14:34:    - Wrap stencil values: yes
13:14:34:  * Hardware vertex / index buffers: yes
13:14:34:  * Vertex programs: yes
13:14:34:  * Number of floating-point constants for vertex programs: 1024
13:14:34:  * Number of integer constants for vertex programs: 0
13:14:34:  * Number of boolean constants for vertex programs: 0
13:14:34:  * Fragment programs: yes
13:14:34:  * Number of floating-point constants for fragment programs: 1024
13:14:34:  * Number of integer constants for fragment programs: 0
13:14:34:  * Number of boolean constants for fragment programs: 0
13:14:34:  * Geometry programs: no
13:14:34:  * Number of floating-point constants for geometry programs: 0
13:14:34:  * Number of integer constants for geometry programs: 0
13:14:34:  * Number of boolean constants for geometry programs: 0
13:14:34:  * Supported Shader Profiles: arbfp1 arbvp1 glsl
13:14:34:  * Texture Compression: yes
13:14:34:    - DXT: yes
13:14:34:    - VTC: no
13:14:34:    - PVRTC: no
13:14:34:  * Scissor Rectangle: yes
13:14:34:  * Hardware Occlusion Query: yes
13:14:34:  * User clip planes: yes
13:14:34:  * VET_UBYTE4 vertex element type: yes
13:14:34:  * Infinite far plane projection: yes
13:14:34:  * Hardware render-to-texture: yes
13:14:34:  * Floating point textures: no
13:14:34:  * Non-power-of-two textures: yes
13:14:34:  * Volume textures: yes
13:14:34:  * Multiple Render Targets: 1
13:14:34:    - With different bit depths: yes
13:14:34:  * Point Sprites: yes
13:14:34:  * Extended point parameters: yes
13:14:34:  * Max Point Size: 255
13:14:34:  * Vertex texture fetch: no
13:14:34:  * Number of world matrices: 0
13:14:34:  * Number of texture units: 16
13:14:34:  * Stencil buffer depth: 8
13:14:34:  * Number of vertex blend matrices: 0
13:14:34:  * Render to Vertex Buffer : no
13:14:34:  * GL 1.5 without VBO workaround: no
13:14:34:  * Frame Buffer objects: yes
13:14:34:  * Frame Buffer objects (ARB extension): no
13:14:34:  * Frame Buffer objects (ATI extension): no
13:14:34:  * PBuffer support: yes
13:14:34:  * GL 1.5 without HW-occlusion workaround: no
13:14:34: Registering ResourceManager for type Texture
13:14:34: DefaultWorkQueue('Root') initialising on thread 0x1273580.
13:14:34: DefaultWorkQueue('Root')::WorkerFunc - thread 0x1384ae0 starting.
13:14:34: DefaultWorkQueue('Root')::WorkerFunc - thread 0x16e1570 starting.
13:14:34: Particle Renderer Type 'billboard' registered
13:14:34: SceneManagerFactory for type 'OctreeSceneManager' registered.
13:14:34: SceneManagerFactory for type 'TerrainSceneManager' registered.
13:14:34: SceneManagerFactory for type 'BspSceneManager' registered.
13:14:34: Registering ResourceManager for type BspLevel
13:14:34: Parsing scripts for resource group Autodetect
13:14:34: Finished parsing scripts for resource group Autodetect
13:14:34: Parsing scripts for resource group Essential
13:14:34: Parsing script SdkTrays.material
13:14:34: DefaultWorkQueue('Root')::WorkerFunc - thread 0x16e17e0 starting.
13:14:34: DefaultWorkQueue('Root')::WorkerFunc - thread 0x16e10d0 starting.
13:14:34: Parsing script SdkTrays.fontdef
13:14:34: Parsing script SdkTrays.overlay
13:14:34: Bad element attribute line: '# you can offset the image to change the cursor "hotspot"' for element SdkTrays/Cursor in overlay 
13:14:34: Texture: sdk_cursor.png: Loading 1 faces(PF_A8R8G8B8,32x32x1) with 5 hardware generated mipmaps from Image. Internal format is PF_A8R8G8B8,32x32x1.
13:14:34: Texture: sdk_tray.png: Loading 1 faces(PF_A8R8G8B8,64x64x1) with 5 hardware generated mipmaps from Image. Internal format is PF_A8R8G8B8,64x64x1.
13:14:34: Texture: sdk_button_up.png: Loading 1 faces(PF_A8R8G8B8,128x32x1) with 5 hardware generated mipmaps from Image. Internal format is PF_A8R8G8B8,128x32x1.
13:14:34: Texture: sdk_text_box.png: Loading 1 faces(PF_A8R8G8B8,32x32x1) with 5 hardware generated mipmaps from Image. Internal format is PF_A8R8G8B8,32x32x1.
13:14:34: Texture: sdk_mini_tray.png: Loading 1 faces(PF_A8R8G8B8,32x32x1) with 5 hardware generated mipmaps from Image. Internal format is PF_A8R8G8B8,32x32x1.
13:14:34: Texture: sdk_track.png: Loading 1 faces(PF_A8R8G8B8,16x32x1) with 5 hardware generated mipmaps from Image. Internal format is PF_A8R8G8B8,16x32x1.
13:14:34: Texture: sdk_handle.png: Loading 1 faces(PF_A8R8G8B8,16x16x1) with 4 hardware generated mipmaps from Image. Internal format is PF_A8R8G8B8,16x16x1.
13:14:34: Texture: sdk_mini_text_box.png: Loading 1 faces(PF_A8R8G8B8,32x32x1) with 5 hardware generated mipmaps from Image. Internal format is PF_A8R8G8B8,32x32x1.
13:14:34: Texture: sdk_label.png: Loading 1 faces(PF_A8R8G8B8,32x32x1) with 5 hardware generated mipmaps from Image. Internal format is PF_A8R8G8B8,32x32x1.
13:14:34: Texture: sdk_separator.png: Loading 1 faces(PF_A8R8G8B8,64x16x1) with 5 hardware generated mipmaps from Image. Internal format is PF_A8R8G8B8,64x16x1.
13:14:34: Texture: sdk_logo.png: Loading 1 faces(PF_A8R8G8B8,128x64x1) with 5 hardware generated mipmaps from Image. Internal format is PF_A8R8G8B8,128x64x1.
13:14:34: Texture: sdk_shade.png: Loading 1 faces(PF_A8R8G8B8,64x48x1) with 5 hardware generated mipmaps from Image. Internal format is PF_A8R8G8B8,64x48x1.
13:14:34: Texture: sdk_frame.png: Loading 1 faces(PF_A8R8G8B8,32x32x1) with 5 hardware generated mipmaps from Image. Internal format is PF_A8R8G8B8,32x32x1.
13:14:34: Texture: sdk_mini_text_box_over.png: Loading 1 faces(PF_A8R8G8B8,32x32x1) with 5 hardware generated mipmaps from Image. Internal format is PF_A8R8G8B8,32x32x1.
13:14:34: Texture: sdk_pulse.png: Loading 1 faces(PF_R8G8B8,8x1x1) with 3 hardware generated mipmaps from Image. Internal format is PF_X8R8G8B8,8x1x1.
13:14:34: Finished parsing scripts for resource group Essential
13:14:34: Parsing scripts for resource group General
13:14:34: Finished parsing scripts for resource group General
13:14:34: Parsing scripts for resource group Internal
13:14:34: Finished parsing scripts for resource group Internal
13:14:34: Parsing scripts for resource group Popular
13:14:34: Parsing script StdQuad_vp.program
13:14:34: Parsing script Examples.program
13:14:34: GLSL compiled : Ogre/BasicVertexPrograms/AmbientOneTextureGLSL
13:14:34: GLSL compiled : Ogre/HardwareSkinningTwoWeightsGLSL
13:14:34: OGRE EXCEPTION(2:InvalidParametersException): Parameter called ambient does not exist.  in GpuProgramParameters::_findNamedConstantDefinition at /build/buildd/ogre-1.7.2/OgreMain/src/OgreGpuProgramParams.cpp (line 1433)
13:14:34: Compiler error: invalid parameters in Examples.program(130): setting of constant failed
13:14:34: Parsing script ASMSwizzle.material
13:14:34: Compiler error: object unsupported by render system in ASMSwizzle.material(1)
13:14:34: Parsing script Invert.material
13:14:34: Parsing script OldTV.material
13:14:34: Parsing script MotionBlur.material
13:14:34: Parsing script Halftone.material
13:14:34: Parsing script SharpenEdges.material
13:14:34: Parsing script MRTtest.material
13:14:34: GLSL compiled : Ogre/MRTtest/scenefp/GLSL
13:14:34: GLSL compiled : Ogre/MRTtest/quadfp/GLSL
13:14:34: GLSL compiled : Ogre/Compositor/StdQuad_GLSL_vp
13:14:34: Parsing script IsoSurf.material
13:14:34: Parsing script GLSLSwizzle.material
13:14:34: Cannot compile GLSL high-level shader : Ogre/GPTest/Swizzle_GP_GLSL 0:2(12): warning: extension `GL_EXT_geometry_shader4' unsupported in geometry shader
0:25(27): error: `gl_VerticesIn' undeclared
0:25(27): error: Operands to relational operators must be scalar and numeric
0:25(27): error: loop condition must be scalar boolean
0:26(14): error: `gl_Position' undeclared
0:26(29): error: `gl_PositionIn' undeclared
0:27(16): error: `gl_FrontColor' undeclared
0:27(16): error: type mismatch
0:0(0): error: function `EmitVertex' undeclared
0:0(0): error: function `EndPrimitive' undeclared
0:32(27): error: `gl_VerticesIn' undeclared
0:32(27): error: Operands to relational operators must be scalar and numeric
0:32(27): error: loop condition must be scalar boolean
0:33(14): error: `gl_Position' undeclared
0:33(29): error: `gl_PositionIn' undeclared
0:34(13): error: `gl_Position' undeclared
0:34(17): error: type mismatch
0:34(30): error: `gl_Position' undeclared
0:34(33): error: type mismatch
0:35(16): error: `gl_FrontColor' undeclared
0:35(16): error: type mismatch
0:0(0): error: function `EmitVertex' undeclared
0:0(0): error: function `EndPrimitive' undeclared

13:14:34: OGRE EXCEPTION(7:InternalErrorException): Cannot compile GLSL high-level shader : Ogre/GPTest/Swizzle_GP_GLSL Cannot compile GLSL high-level shader : Ogre/GPTest/Swizzle_GP_GLSL 0:2(12): warning: extension `GL_EXT_geometry_shader4' unsupported in geometry shader
0:25(27): error: `gl_VerticesIn' undeclared
0:25(27): error: Operands to relational operators must be scalar and numeric
0:25(27): error: loop condition must be scalar boolean
0:26(14): error: `gl_Position' undeclared
0:26(29): error: `gl_PositionIn' undeclared
0:27(16): error: `gl_FrontColor' undeclared
0:27(16): error: type mismatch
0:0(0): error: function `EmitVertex' undeclared
0:0(0): error: function `EndPrimitive' undeclared
0:32(27): error: `gl_VerticesIn' undeclared
0:32(27): error: Operands to relational operators must be scalar and numeric
0:32(27): error: loop condition must be scalar boolean
0:33(14): error: `gl_Position' undeclared
0:33(29): error: `gl_PositionIn' undeclared
0:34(13): error: `gl_Position' undeclared
0:34(17): error: type mismatch
0:34(30): error: `gl_Position' undeclared
0:34(33): error: type mismatch
0:35(16): error: `gl_FrontColor' undeclared
0:35(16): error: type mismatch
0:0(0): error: function `EmitVertex' undeclared
0:0(0): error: function `EndPrimitive' undeclared
 in GLSLProgram::compile at /build/buildd/ogre-1.7.2/RenderSystems/GL/src/GLSL/src/OgreGLSLExtSupport.cpp (line 65)
13:14:34: High-level program Ogre/GPTest/Swizzle_GP_GLSL encountered an error during loading and is thus not supported.
OGRE EXCEPTION(7:InternalErrorException): Cannot compile GLSL high-level shader : Ogre/GPTest/Swizzle_GP_GLSL Cannot compile GLSL high-level shader : Ogre/GPTest/Swizzle_GP_GLSL 0:2(12): warning: extension `GL_EXT_geometry_shader4' unsupported in geometry shader
0:25(27): error: `gl_VerticesIn' undeclared
0:25(27): error: Operands to relational operators must be scalar and numeric
0:25(27): error: loop condition must be scalar boolean
0:26(14): error: `gl_Position' undeclared
0:26(29): error: `gl_PositionIn' undeclared
0:27(16): error: `gl_FrontColor' undeclared
0:27(16): error: type mismatch
0:0(0): error: function `EmitVertex' undeclared
0:0(0): error: function `EndPrimitive' undeclared
0:32(27): error: `gl_VerticesIn' undeclared
0:32(27): error: Operands to relational operators must be scalar and numeric
0:32(27): error: loop condition must be scalar boolean
0:33(14): error: `gl_Position' undeclared
0:33(29): error: `gl_PositionIn' undeclared
0:34(13): error: `gl_Position' undeclared
0:34(17): error: type mismatch
0:34(30): error: `gl_Position' undeclared
0:34(33): error: type mismatch
0:35(16): error: `gl_FrontColor' undeclared
0:35(16): error: type mismatch
0:0(0): error: function `EmitVertex' undeclared
0:0(0): error: function `EndPrimitive' undeclared
 in GLSLProgram::compile at /build/buildd/ogre-1.7.2/RenderSystems/GL/src/GLSL/src/OgreGLSLExtSupport.cpp (line 65)
13:14:34: OGRE EXCEPTION(2:InvalidParametersException): Named constants have not been initialised, perhaps a compile error. in GpuProgramParameters::_findNamedConstantDefinition at /build/buildd/ogre-1.7.2/OgreMain/src/OgreGpuProgramParams.cpp (line 1423)
13:14:34: Compiler error: invalid parameters in GLSLSwizzle.material(15): setting of constant failed
13:14:34: OGRE EXCEPTION(2:InvalidParametersException): Named constants have not been initialised, perhaps a compile error. in GpuProgramParameters::_findNamedConstantDefinition at /build/buildd/ogre-1.7.2/OgreMain/src/OgreGpuProgramParams.cpp (line 1423)
13:14:34: Compiler error: invalid parameters in GLSLSwizzle.material(16): setting of constant failed
13:14:34: GLSL compiled : Ogre/GPTest/Passthrough_VP_GLSL
13:14:34: Parsing script sibenik.material
13:14:34: Parsing script Hurt.material
13:14:34: Parsing script OldMovie.material
13:14:34: Parsing script Tiling.material
13:14:34: Parsing script CompositorDemo.material
13:14:34: Parsing script Penguin.material
13:14:34: Parsing script Ocean.material
13:14:34: GLSL compiled : GLSL/OceanVS
13:14:34: GLSL compiled : GLSL/OceanFS
13:14:34: GLSL compiled : GLSL/Ocean2VS
13:14:34: GLSL compiled : GLSL/Ocean2FS
13:14:34: Parsing script ASCII.material
13:14:34: Parsing script BlackAndWhite.material
13:14:34: Parsing script ParticleGS.material
13:14:34: Parsing script hdr.material
13:14:34: GLSL compiled : Ogre/Compositor/HDR/downscale2x2LuminenceGLSL_fp
13:14:34: GLSL compiled : Ogre/Compositor/HDR/downscale3x3GLSL_fp
13:14:34: GLSL compiled : Ogre/Compositor/HDR/utils_fp
13:14:34: GLSL compiled : Ogre/Compositor/HDR/downscale3x3brightpassGLSL_fp
13:14:34: GLSL compiled : Ogre/Compositor/HDR/bloomGLSL_fp
13:14:34: GLSL compiled : Ogre/Compositor/HDR/utils_fp
13:14:34: GLSL compiled : Ogre/Compositor/HDR/finaltonemappingGLSL_fp
13:14:34: Parsing script Glass.material
13:14:34: Parsing script Embossed.material
13:14:34: Parsing script HeatVision.material
13:14:34: Parsing script pssm.material
13:14:34: Parsing script Ogre.material
13:14:34: Parsing script ShaderSystem.material
13:14:34: Parsing script Examples.material
13:14:34: OGRE EXCEPTION(2:InvalidParametersException): Parameter called camObjPos does not exist.  in GpuProgramParameters::_findNamedConstantDefinition at /build/buildd/ogre-1.7.2/OgreMain/src/OgreGpuProgramParams.cpp (line 1433)
13:14:34: Compiler error: invalid parameters in Examples.material(837): setting of constant failed
13:14:34: GLSL compiled : Ogre/HardwareSkinningTwoWeightsShadowCasterGLSL
13:14:34: Parsing script Examples-Water.material
13:14:34: Parsing script instancing.material
13:14:34: GLSL compiled : InstancingGLSL
13:14:34: GLSL compiled : InstancingShadowCasterGLSL
13:14:34: GLSL compiled : CrowdGLSL
13:14:34: GLSL compiled : CrowdShadowCasterGLSL
13:14:34: Parsing script Example-Water.material
13:14:34: Parsing script RadialBlur.material
13:14:34: Parsing script Bloom2.material
13:14:34: GLSL compiled : Bloom2_ps20_glsl
13:14:34: Parsing script CGSwizzle.material
13:14:34: Parsing script DOF.material
13:14:34: Parsing script RZR-002.material
13:14:34: Parsing script Examples-Advanced.material
13:14:34: Compiler error: object unsupported by render system in Examples-Advanced.material(383)
13:14:34: Parsing script smoke.material
13:14:34: Parsing script DepthShadowmap.material
13:14:34: GLSL compiled : Ogre/DepthShadowmap/CasterVP_GLSL
13:14:34: GLSL compiled : Ogre/DepthShadowmap/CasterFP_GLSL
13:14:34: GLSL compiled : Ogre/DepthShadowmap/ReceiverVP_GLSL
13:14:34: GLSL compiled : Ogre/DepthShadowmap/ReceiverFP_GLSL
13:14:34: GLSL compiled : Ogre/DepthShadowmap/ReceiverFPPCF_GLSL
13:14:34: GLSL compiled : Ogre/DepthShadowmap/NormalMapReceiverVP_GLSL
13:14:34: GLSL compiled : Ogre/DepthShadowmap/NormalMapReceiverFP_GLSL
13:14:34: GLSL compiled : Ogre/DepthShadowmap/NormalMapReceiverFPPCF_GLSL
13:14:34: Parsing script Dither.material
13:14:34: Parsing script Examples-DynTex.material
13:14:34: Parsing script Bloom.material
13:14:34: GLSL compiled : Blur_ps_glsl
13:14:34: GLSL compiled : Blur0_vs_glsl
13:14:34: GLSL compiled : Blur1_vs_glsl
13:14:34: Parsing script NightVision.material
13:14:34: Parsing script VarianceShadowmap.material
13:14:34: Parsing script OffsetMapping.material
13:14:34: Compiler error: object unsupported by render system in OffsetMapping.material(18)
13:14:34: GLSL compiled : Examples/OffsetMappingIntegratedShadowsFPglsl
13:14:34: GLSL compiled : Examples/OffsetMappingIntegratedShadowsVPglsl
13:14:34: Parsing script facial.material
13:14:34: Parsing script Posterize.material
13:14:34: Parsing script Laplace.material
13:14:34: Parsing script shadows.material
13:14:34: Parsing script Examples.compositor
13:14:34: Finished parsing scripts for resource group Popular
13:14:34: Mesh: Loading cube.mesh.
13:14:34: Texture: egyptrockyfull.jpg: Loading 1 faces(PF_R8G8B8,512x512x1) with 5 hardware generated mipmaps from Image. Internal format is PF_X8R8G8B8,512x512x1.
13:14:34: Texture: rockwall.tga: Loading 1 faces(PF_R8G8B8,256x256x1) with 5 hardware generated mipmaps from Image. Internal format is PF_X8R8G8B8,256x256x1.
13:14:34: Mesh: Loading penguin.mesh.
13:14:34: Skeleton: Loading penguin.skeleton
13:14:34: WARNING: penguin.mesh is an older format ([MeshSerializer_v1.40]); you should upgrade it as soon as possible using the OgreMeshUpgrade tool.
13:14:34: Texture: penguin.jpg: Loading 1 faces(PF_R8G8B8,512x512x1) with 5 hardware generated mipmaps from Image. Internal format is PF_X8R8G8B8,512x512x1.
13:14:34: Mesh: Loading sphere.mesh.
13:14:34: Texture: RustySteel.jpg: Loading 1 faces(PF_R8G8B8,256x256x1) with 5 hardware generated mipmaps from Image. Internal format is PF_X8R8G8B8,256x256x1.
13:14:34: Texture: spheremap.png: Loading 1 faces(PF_R8G8B8,256x256x1) with 5 hardware generated mipmaps from Image. Internal format is PF_X8R8G8B8,256x256x1.
13:14:34: Mesh: Loading fish.mesh.
13:14:34: Skeleton: Loading fish.skeleton
13:14:34: Texture: steelhead.png: Loading 1 faces(PF_R8G8B8,256x256x1) with 5 hardware generated mipmaps from Image. Internal format is PF_X8R8G8B8,256x256x1.
13:14:34: WARNING: the mesh 'fish.mesh' includes vertices without bone assignments. Those vertices will transform to wrong position when skeletal animation enabled. To eliminate this, assign at least one bone assignment per vertex on your mesh.
13:14:34: *** Initializing OIS ***
13:14:34: Texture: spot_shadow_fade.png: Loading 1 faces(PF_R8G8B8,128x128x1) with 5 hardware generated mipmaps from Image. Internal format is PF_X8R8G8B8,128x128x1.
13:14:34: OGRE EXCEPTION(5:ItemIdentityException): OverlayElement with name Core/AverageFps not found. in OverlayManager::getOverlayElementImpl at /build/buildd/ogre-1.7.2/OgreMain/src/OgreOverlayManager.cpp (line 621)
